4月 11, 2023 2:44:13 下午 Log.MyLogger logToFile
全部: Starting Client.
4月 11, 2023 2:44:13 下午 Log.MyLogger logToFile
全部: Client Connected
4月 11, 2023 2:44:13 下午 Log.MyLogger logToFile
全部: Choosing options
4月 11, 2023 2:44:53 下午 Log.MyLogger logToFile
全部: Choosing options
4月 11, 2023 2:45:28 下午 Log.MyLogger logToFile
全部: Starting Client.
4月 11, 2023 2:45:28 下午 Log.MyLogger logToFile
全部: Client Connected
4月 11, 2023 2:45:36 下午 Log.MyLogger logToFile
全部: Client Failed because ofjava.net.SocketException: Connection reset
4月 11, 2023 2:45:44 下午 Log.MyLogger logToFile
全部: Starting Client.
4月 11, 2023 2:45:44 下午 Log.MyLogger logToFile
全部: Client Connected
4月 11, 2023 2:45:44 下午 Log.MyLogger logToFile
全部: Choosing options
4月 11, 2023 2:45:46 下午 Log.MyLogger logToFile
全部: Choosing options
4月 11, 2023 2:45:49 下午 Log.MyLogger logToFile
全部: Choosing options
4月 11, 2023 2:46:31 下午 Log.MyLogger logToFile
全部: Choosing options
4月 11, 2023 2:46:48 下午 Log.MyLogger logToFile
全部: Choosing options
4月 11, 2023 2:46:53 下午 Log.MyLogger logToFile
全部: Choosing options
4月 11, 2023 2:47:01 下午 Log.MyLogger logToFile
全部: Choosing options
4月 11, 2023 2:47:08 下午 Log.MyLogger logToFile
全部: Choosing options
4月 11, 2023 2:47:19 下午 Log.MyLogger logToFile
全部: Choosing options
4月 11, 2023 2:47:26 下午 Log.MyLogger logToFile
全部: Choosing options
4月 11, 2023 2:47:31 下午 Log.MyLogger logToFile
全部: Choosing options
4月 11, 2023 2:47:50 下午 Log.MyLogger logToFile
全部: Choosing options
4月 11, 2023 2:47:56 下午 Log.MyLogger logToFile
全部: Choosing options
4月 11, 2023 2:48:00 下午 Log.MyLogger logToFile
全部: Choosing options
4月 11, 2023 2:48:18 下午 Log.MyLogger logToFile
全部: Choosing options
4月 11, 2023 2:48:25 下午 Log.MyLogger logToFile
全部: Choosing options
4月 11, 2023 2:52:56 下午 Log.MyLogger logToFile
全部: Starting Client.
4月 11, 2023 2:52:56 下午 Log.MyLogger logToFile
全部: Client Connected
4月 11, 2023 2:53:22 下午 Log.MyLogger logToFile
全部: Starting Client.
4月 11, 2023 2:53:22 下午 Log.MyLogger logToFile
全部: Client Connected
4月 11, 2023 2:53:22 下午 Log.MyLogger logToFile
全部: Choosing options
4月 11, 2023 2:53:27 下午 Log.MyLogger logToFile
全部: Choosing options
4月 11, 2023 2:53:35 下午 Log.MyLogger logToFile
全部: Choosing options
4月 11, 2023 2:53:49 下午 Log.MyLogger logToFile
全部: Choosing options
4月 11, 2023 2:55:01 下午 Log.MyLogger logToFile
全部: Starting Client.
4月 11, 2023 2:55:01 下午 Log.MyLogger logToFile
全部: Client Connected
4月 11, 2023 2:55:01 下午 Log.MyLogger logToFile
全部: Choosing options
4月 11, 2023 2:55:19 下午 Log.MyLogger logToFile
全部: Choosing options
4月 11, 2023 2:55:44 下午 Log.MyLogger logToFile
全部: Starting Client.
4月 11, 2023 2:55:44 下午 Log.MyLogger logToFile
全部: Client Connected
4月 11, 2023 2:55:44 下午 Log.MyLogger logToFile
全部: Choosing options
4月 11, 2023 2:55:47 下午 Log.MyLogger logToFile
全部: Choosing options
